<?xml version="1.0" encoding="UTF-8"?>
<testng-results ignored="0" total="2" passed="2" failed="0" skipped="0">
  <reporter-output>
  </reporter-output>
  <suite started-at="2024-02-11T16:00:14 IST" name="Default suite" finished-at="2024-02-11T16:00:35 IST" duration-ms="20558">
    <groups>
      <group name="cucumber">
        <method signature="AbstractTestNGCucumberTests.runScenario(io.cucumber.testng.PickleWrapper,io.cucumber.testng.FeatureWrapper)[pri:0, instance:TestRunner.CucumberLoginRunner@43f02ef2]" name="runScenario" class="io.cucumber.testng.AbstractTestNGCucumberTests"/>
      </group> <!-- cucumber -->
    </groups>
    <test started-at="2024-02-11T16:00:14 IST" name="Default test" finished-at="2024-02-11T16:00:35 IST" duration-ms="20558">
      <class name="TestRunner.CucumberLoginRunner">
        <test-method is-config="true" signature="setUpClass(org.testng.ITestContext)[pri:0, instance:TestRunner.CucumberLoginRunner@43f02ef2]" started-at="2024-02-11T16:00:14 IST" name="setUpClass" finished-at="2024-02-11T16:00:16 IST" duration-ms="1152" status="PASS">
          <params>
            <param index="0">
              <value>
                <![CDATA[org.testng.TestRunner@26a4f9ed]]>
              </value>
            </param>
          </params>
          <reporter-output>
          </reporter-output>
        </test-method> <!-- setUpClass -->
        <test-method signature="runScenario(io.cucumber.testng.PickleWrapper,io.cucumber.testng.FeatureWrapper)[pri:0, instance:TestRunner.CucumberLoginRunner@43f02ef2]" started-at="2024-02-11T16:00:16 IST" name="runScenario" description="Runs Cucumber Scenarios" data-provider="scenarios" finished-at="2024-02-11T16:00:26 IST" duration-ms="10784" status="PASS">
          <params>
            <param index="0">
              <value>
                <![CDATA["Check Log in Success full with valid credential"]]>
              </value>
            </param>
            <param index="1">
              <value>
                <![CDATA["Login Automation of VtigerCRM"]]>
              </value>
            </param>
          </params>
          <reporter-output>
          </reporter-output>
        </test-method> <!-- runScenario -->
        <test-method signature="runScenario(io.cucumber.testng.PickleWrapper,io.cucumber.testng.FeatureWrapper)[pri:0, instance:TestRunner.CucumberLoginRunner@43f02ef2]" started-at="2024-02-11T16:00:26 IST" name="runScenario" description="Runs Cucumber Scenarios" data-provider="scenarios" finished-at="2024-02-11T16:00:35 IST" duration-ms="8441" status="PASS">
          <params>
            <param index="0">
              <value>
                <![CDATA["Check Log in Success full with valid credential"]]>
              </value>
            </param>
            <param index="1">
              <value>
                <![CDATA["Login Automation of VtigerCRM"]]>
              </value>
            </param>
          </params>
          <reporter-output>
          </reporter-output>
        </test-method> <!-- runScenario -->
        <test-method is-config="true" signature="tearDownClass()[pri:0, instance:TestRunner.CucumberLoginRunner@43f02ef2]" started-at="2024-02-11T16:00:35 IST" name="tearDownClass" finished-at="2024-02-11T16:00:35 IST" duration-ms="68" status="PASS">
          <reporter-output>
          </reporter-output>
        </test-method> <!-- tearDownClass -->
      </class> <!-- TestRunner.CucumberLoginRunner -->
    </test> <!-- Default test -->
  </suite> <!-- Default suite -->
</testng-results>
